Johns-Mac-Pro-2:~ johncobb$ ls /dev | grep tty.us
tty.usbserial-FTASWORM
tty.usbserial-FTWKWE7H
Johns-Mac-Pro-2:~ johncobb$ sudo cu -l /dev/tty.usbserial-FTASWORM -s 115200
Password:
Connected.

RDY

+CFUN: 1

APP RDY

+CPIN: READY

+QUSIM: 1

+QIND: SMS DONE
at
OK
ate1
OK
at
OK
at&f
OK
at
OK
at+cops?
+COPS: 0,0,"T-Mobile Hologram",0

OK
at+sgact?
ERROR
at+cgact?
+CGACT: 1,1

OK
at+cmgs="8126290240"
+CMS ERROR: 304
at+cops?
+COPS: 0,0,"T-Mobile Hologram",0

OK
at
OK
at+cgdcont?
+CGDCONT: 1,"IP","hologram","0.0.0.0",0,0,0,0

OK
at+qicsgp?
ERROR
at+qiCsgp
ERROR
AT+QICSGP
ERROR
AT+QICSGP?
ERROR
ATI
Quectel
BG96
Revision: BG96MAR02A07M1G

OK
AT+GMI
Quectel

OK
AT+GMM
BG96

OK
AT&F
OK
AT&V
&C: 1
&D: 2
&F: 0
&W: 0
E: 1
Q: 0
V: 1
X: 4
Z: 0
S0: 0
S3: 13
S4: 10
S5: 8
S6: 2
S7: 0
S8: 2
S10: 15

OK
AT+CMEE?
+CMEE: 1


AT+CFUN?
+CFUN: 1


AT+CPIN?
+CPIN: READY

OK
AT+CLCK?
ERROR
AT+QCCID?
ERROR
AT+QCCID
+QCCID: 8944500307186446055F

OK
AT+CREG?
+CREG: 0,5


AT+CGATT?
+CGATT: 1

OK
AT+CGACT=1,1
ERROR
AT+SGACT?
ERROR
AT+CGACT?
+CGACT: 1,1

OK
AT+CMGS="8126290240"
+CMS ERROR: 304
AT+CMGF?
+CMGF: 0

OK
AT+CREG?
+CREG: 0,5

OK
at
OK
at+cmgs="8126290240"
+CMS ERROR: 304
at+cmgf?
+CMGF: 0

OK
at+cmgf=1
OK
at+cmgs="8126290240"
> Hello World
> 
+CMGS: 28

OK
at
OK
at+cmgf?
+CMGF: 1

OK
at&f
OK
at+cmgf=
ERROR
at+cmgf?
+CMGF: 0

OK
at+cmgf=1
OK
at
OK
at+cmgcf?
ERROR
at+cmgf?
+CMGF: 1

OK
at+qgpsgnmea
ERROR
at+qgpsgnmea?
OK
aaat
OK
at
OK
at+qgpsnmea
ERROR
at+
ERROR
AT+QGPSGNMEA
ERROR
AT+QGPSGNMEA?
OK
at+
ERROR
at+qgpscfg
+CME ERROR: 502
at+qgpscfg?
+CME ERROR: 502
at+qgpscfg
+CME ERROR: 502
at+cme=2
ERROR
at+cmee=2
OK
at+qgpscfg
+CME ERROR: Operation not supported
at+cclk?
+cclk: "19/05/17,17:19:02-20"

OK
at+cbc
+CBC: 0,17,3614

OK
at+cclk
ERROR
at+cclk?
+cclk: "19/05/17,17:19:18-20"

OK
at+cclk
ERROR
at+cclk?
+cclk: "19/05/17,17:19:23-20"

OK
at+qtemp?
ERROR
at+qtemp
+QTEMP: 28,25,25

OK
at+qhttpcfg?
+QHTTPCFG: "contextid",1
+QHTTPCFG: "requestheader",0
+QHTTPCFG: "responseheader",0
+QHTTPCFG: "prefix","64:FF9B:0:0:0:0:0:0",96
+QHTTPCFG: "sslctxid",1
+QHTTPCFG: "contenttype",0

at+qiact?
OK
at+qiact=1
OK
at+qhttpurl?
OK
at+cqfg?
ERROR
at+cqfg-:b
ERROR
at+cqfg="
+QIURC: "pdpdeact",1
baat+
ERROR
at+cqfg="band"
ERROR
at+c
ERROR
at+qcfg="band"
+QCFG: "band",0xf,0x400a0e189f,0xa0e189f

OK

RDY

+CFUN: 1

+CPIN: READY

+QUSIM: 1

+QIND: SMS DONE

APP RDY
at
OK
at
OK
at+qcfg="band"
+QCFG: "band",0xf,0x400a0e189f,0xa0e189f

RDY
a
+CFUN: 1
t
+CPIN: READY

+QUSIM: 1

+QIND: SMS DONE

OK

APP RDY
at
OK
at
OK
at
OK

at+qgps=1
OK
at+qgpsloc=2
+CME ERROR: 501
at+qgpsloc=2
+CME ERROR: 516
at+cmee?
+CMEE: 1

OK
at+cmee=2
OK


at+qcfg="band"
+QCFG: "band",0xf,0x400a0e189f,0xa0e189f

OK

at+qcfg="band"
+QCFG: "band",0xf,0x400a0e189f,0xa0e189f

OK
at+cereg?
+CEREG: 0,4

OK

at+cereg=2
OK

at+cfun?
+CFUN: 1

OK
at+cops?
+COPS: 0,0,"T-Mobile Hologram",0

OK

at+cereg?
+CEREG: 2,4

OK
at+cereg?
+CEREG: 2,4

OK

RDY

+CFUN: 1

APP RDY

+CPIN: READY

+QUSIM: 1

+QIND: SMS DONE
at
OK
at+cmgf?
+CMGF: 0

OK
at+_
ERROR
at+cmgf=1
OK

at+cmgs="8126290240"
> Hello Wor5lld
> 
+CMGS: 29

OK

at+qcfg="band"
+QCFG: "band",0xf,0x400a0e189f,0xa0e189f

OK

at
OK
at+qcfg=”band”,”0xf”,”0x400a0e189f”,”0x0”
ERROR
at+qcfg=”band”,0xf,0x400a0e189f,0x0
ERROR
at+c
ERROR
at+qcfg="band"
+QCFG: "band",0xf,0x400a0e189f,0xa0e189f

OK
ati
Quectel
BG96
Revision: BG96MAR02A07M1G

OK
ATI
Quectel
BG96
Revision: BG96MAR02A07M1G

OK
at+gsn
866425038904316

OK
at+qcfg=”band”,0, 400A0E189F,1
ERROR
at+qcfg=”band”,0,400A0E189F,1
ERROR
at+qcfg=”band”,0,400A0E189F,10-
ERROR
at+qcfg=”band”,0,400A0E189F,10
ERROR
at+qcfg=”band”,0,400A0E189F,0
ERROR
at+qcfg="band"?
+QCFG: "band",0xf,0x400a0e189f,0xa0e189f

OK
at+qcfg=”band”,0,0x400a0e189f,0
ERROR
AT+QCFG="band",0,0,80000,1
OK
AT+QCFG="band”,0,0,40000,1
ERROR
AT+QCFG="band",0,0, 4000000000,1
ERROR
AT+QCFG="band”,0, 400A0E189F,0,1
ERROR
AT+QCFG="band”,0,400A0E189F,0,1
ERROR
AT+QCFG="band”,0,”400A0E189F”,0,1
ERROR
at+qcfg="band"
+QCFG: "band",0xf,0x400a0e189f,0x80000

OK
AT+QCFG="band”,0,0,400000,1
ERROR
AT+QCFG="band”,0,0,40000,1
ERROR
AT+QCFG="band”,0,0,0,1
ERROR
AT+QCFG="band",0,0,80000,1
OK
AT+QCFG="band”,0,0,400000,1
ERROR
AT+QCFG="band”,0,1,0,1
ERROR
AT+QCFG="band”,0,400A0E189F,0,1
ERROR
AT+QCFG="band”,0,400A0E189F,A0E189F ,1
ERROR
AT+QCFG="band”,0,400A0E189F,A0E189F,1
ERROR
at+cereg=2
OK
at+cereg?
+CEREG: 2,4

OK
at+qwinfo?
ERROR
at+qwinfo
ERROR
at+wnwinfo
ERROR
at+wnwinfo
ERROR
AT+QNWINFO
+QNWINFO: "EDGE","310260","GSM 1900",613

OK
AT+QCFG="band”,0,0x400A0E189F,0xA0E189F,1
ERROR
AT+QCFG="band”,0,0x400A0E189F,0,1
ERROR
AT+QCFG="band”,0,0x400a0e189f,0,1
ERROR
AT+QCFG="band”,0,400a0e189f,0,1
ERROR
at
OK
AT
OK
AT+QNWINFO
+QNWINFO: "EDGE","310260","GSM 1900",613

OK
at+qspn
+QSPN: "T-Mobile","T-Mobile","Hologram",0,"310260"

OK
AT+QCSQ
+QCSQ: "GSM",-80

OK
AT+CEREG?
+CEREG: 2,4

OK
?@?
   @J
RDY

+CFUN: 1

APP RDY

+CPIN: READY

+QUSIM: 1

+QIND: SMS DONE
ATZ
OK
AT
OK
ATE1
OK
AT+CREG=0
OK
AT+CMEE=0
OK
AT&W
OK
AT+QCFG="nwscanseq"
+QCFG: "nwscanseq",020301

OK
at+cpin?
+CPIN: READY

OK
at+cops=0
OK
at+cgdcont
OK
at+cgdcont?
+CGDCONT: 1,"IP","hologram","0.0.0.0",0,0,0,0

OK
at+ccreg?
ERROR
at+ccreg
ERROR
AT+CCREG?
ERROR
AT+CCGREG?
ERROR
at+ccgreg?
ERROR
at+cops=0
OK
at+ctzu=1
OK
J?
RDY

+CFUN: 1

APP RDY

+CPIN: READY

+QUSIM: 1

+QIND: SMS DONE
at
OK
at+ctzu=1
OK
at
OK
at+ctzu
ERROR
at+ctzu?
+CTZU: 1

OK
at+ctc
ERROR
at+cgreg?
+CGREG: 0,4

OK
at+cgdcont=

RROR
at+cfun=1,0
OK
at+cgreg?
+CGREG: 0,4

OK
at+cpop
ERROR
at+cops?
+COPS: 0,0,"AT&T Hologram",8

OK
at+qcfg="NWSCANSEQ"
+QCFG: "nwscanseq",020301

OK
at+csq?
+CME ERROR: 3
at+csq
+CSQ: 27,99

OK
at+qcfg="nwscan",020103
ERROR
at+qcfg="nwscanseq",020103
OK
atz
OK
at
OK
at+qcfg="nwscanseq"
+QCFG: "nwscanseq",020103

OK
at+cgreg?
+CGREG: 0,4

OK
@`*cgact=1
RDY

+CFUN: 1

APP RDY

+CPIN: READY

+QUSIM: 1

at+cgdcont?
+CGDCONT: 1,"IP","hologram","0.0.0.0",0,0,0,0

OK
at+csq
+CSQ: 16,99

OK

AT+CPOL?
OK
at+qspn
+QSPN: "T-Mobile","T-Mobile","Hologram",0,"310260"

OK
at+creg?
+CREG: 0,5

OK
at
OK
at+csq
+CSQ: 16,99

OK
at+ctzu?
+CTZU: 1

OK
at+ctzu=1
OK
at+cmgs="8126290240"
+CMS ERROR: 304
at+cmgf=1
OK
at+cmgs="8126290240"
> Hello World
+CMGS: 30

OK
at+csq?
+CME ERROR: 3
at+csq
+CSQ: 16,99

OK
at+creg?
+CREG: 0,5

OK
at+csq?
+CME ERROR: 3
at+csq
+CSQ: 16,99

OK

at+cind?
+CIND: 0,3,1,0,1,0,1,0

OK
at+qscon?
ERROR
at+qscon?
ERROR
AT+QCSCON?
+QCSCON:0,0

OK
at+qlts?
ERROR
at+qtls
ERROR
at+qlts
+QLTS: "2019/05/20,20:07:40-20,1"

OK
at+qninfo?
ERROR
at+qnwinfo
+QNWINFO: "EDGE","310260","GSM 1900",613

OK
at+qcsq
+QCSQ: "GSM",-82

OK

at+qspn
+QSPN: "T-Mobile","T-Mobile","Hologram",0,"310260"

OK

at+qiact

OK
at+qiact?
OK
at+qiact=1
OK
at+qiact?
+QIACT: 1,1,1,"10.171.3.190"

OK
at+qsslcfg?
ERROR
at+qsslcfg
ERROR
at+qsslstate
OK
AT+QIOPEN=1,0,"TCP","220.180.239.212",8009,0,0
OK

+QIOPEN: 0,0
AT+QISTATE=1,0
+QISTATE: 0,"TCP","220.180.239.212",8009,15190,2,1,0,0,"uart1"

OK
AT+QISEND=0
> Hello World
SEND OK

+QIURC: "recv",0
at+qisend=0,11
> test
SEND OK

A*?@
RDY

+CFUN: 1

APP RDY

+CPIN: READY

+QUSIM: 1

+QIND: SMS DONE
at+qnwinfo?
ERROR
at+qnwinfo?
ERROR
at+qnwinfo?
ERROR
at+qiact?
OK
at+qiact=1
OK
AT+QIOPEN=1,0,"TCP","220.180.239.212",8009,0,0
OK

+QIOPEN: 0,0
AT+QISTATE=1,0
+QISTATE: 0,"TCP","220.180.239.212",8009,20499,2,1,0,0,"uart1"

OK
AT+QISEND=0
> test1
SEND OK

+QIURC: "recv",0
at+qisend=0,4
> test
SEND OK
at+qisend=0,0
+QISEND: 9,9,0

OK
at+qping=1,"www.google≥c
ERROR
at+qping=1,"www.google.com"
OK

+QPING: 0,"172.217.169.36",32,596,255

+QPING: 0,"172.217.169.36",32,360,255

+QPING: 0,"172.217.169.36",32,341,255

+QPING: 0,"172.217.169.36",32,360,255

+QPING: 0,4,4,0,341,596,414
at
OK
at+creg?
+CREG: 0,5

OK
at+cgact=0
ERROR
at+c
ERROR
AT+QMTCFG=”SSL”, 0, 1, 2
ERROR
at+qmtcfg="ssl",0,1,2
OK
AT+QFUPL="cacert.pem",1758,100
+CME ERROR: 407
AT+QFUPL="cacert.pem",1758,100
+CME ERROR: 407
at+qmtcg
ERROR
at+qmtcrg
ERROR
at+qmtd
ERROR
at+qmtcfg?
ERROR
at+qmtcfg=?
+QMTCFG: "version",(0-5),(3,4)
+QMTCFG: "pdpcid",(0-5),(1-16)
+QMTCFG: "ssl",(0-5),(0,1),(0-5)
+QMTCFG: "keepalive",(0-5),(0-3600)
+QMTCFG: "session",(0-5),(0,1)
+QMTCFG: "prefix",(0-5),<ip_prefix>,<prefix_length>
+QMTCFG: "timeout",(0-5),(1-60),(1-10),(0,1)
+QMTCFG: "will",(0-5),(0,1),(0-2),(0,1),"willtopic","willmessage"
+QMTCFG: "recv/mode",(0-5),(0,1),(0,1)
+QMTCFG: "aliauth",(0-5),"productkey","devicename","devicesecret"

OK
AT+QMTCFG="aliauth",0,"oyjtmPl5a5j","MQTT_TEST","wN9Y6pZSIIy7Exa5qVzcmigEGO4kAazZ"
OK
AT+QMTOPEN=?
+QMTOPEN: (0-5),"host_name",(1-65536)

OK
AT+QMTOPEN=0,"iot-as-mqtt.cn-shanghai.aliyuncs.com",1883
OK

+QMTOPEN: 0,0

+QMTSTAT: 0,1
AT+QMTOPEN?
OK
AT+QMTCONN=?
+QMTCONN: (0-5),"clientid","username","password"

OK
AT+QMTCONN=0,“clientExample”
ERROR

??
RDY

+CFUN: 1

APP RDY

+CPIN: READY

+QUSIM: 1

+QIND: SMS DONE
at+qgps
+CME ERROR: 502
at+qgps
+CME ERROR: 502
at
OK
at+qgps=1
OK
at+qgpsloc?
+CME ERROR: 516
at+g
ERROR
at+cmee=2
OK
at+qgpsloc?
+CME ERROR: Not fixed now
AT+QGPSEND
OK
AT+QGPS=1
OK
AT+QGPSLOC?
+QGPSLOC: 212846.0,3756.6654N,08724.2986W,1.4,130.0,2,0.00,0.0,0.0,200519,08

OK
at
OK
at+_
ERROR
at+gpsloc?
ERROR
at+qgps.
ERROR
at+qgpsloc
+CME ERROR: Operation not supported
at+qgpsloc?
+QGPSLOC: 020324.0,3756.6645N,08724.2986W,0.8,123.0,2,162.22,0.0,0.0,210519,08

at+cgreg?
+CGREG: 0,4

OK

at+cgreg?
+CGREG: 0,5

OK

at+qping=1,"www.google.com"
OK

+QPING: 0,"172.217.169.36",32,354,255

+QPING: 0,"172.217.169.36",32,383,255

+QPING: 0,"172.217.169.36",32,360,255

+QPING: 0,"172.217.169.36",32,360,255

+QPING: 0,4,4,0,354,383,363
at
OK


